<?xml version="1.0" encoding="UTF-8"?>
<testsuite xmlns:xsi="http://www.w3.org/2001/XMLSchema-instance" xsi:noNamespaceSchemaLocation="https://maven.apache.org/surefire/maven-surefire-plugin/xsd/surefire-test-report-3.0.xsd" version="3.0" name="com.PPOOII.Laboratorio.Laboratorio1ApplicationTests" time="17.098" tests="1" errors="0" skipped="0" failures="0">
  <properties>
[...]
</properties>
  <testcase name="contextLoads" classname="com.PPOOII.Laboratorio.Laboratorio1ApplicationTests" time="0.831">
    <system-out><![CDATA[19:06:15.280 [main] INFO org.springframework.test.context.support.AnnotationConfigContextLoaderUtils -- Could not detect default configuration classes for test class [com.PPOOII.Laboratorio.Laboratorio1ApplicationTests]: Laboratorio1ApplicationTests does not declare any static, non-private, non-final, nested classes annotated with @Configuration.
19:06:15.489 [main] INFO org.springframework.boot.test.context.SpringBootTestContextBootstrapper -- Found @SpringBootConfiguration com.PPOOII.Laboratorio.Laboratorio1Application for test class com.PPOOII.Laboratorio.Laboratorio1ApplicationTests

  .   ____          _            __ _ _
 /\\ / ___'_ __ _ _(_)_ __  __ _ \ \ \ \
( ( )\___ | '_ | '_| | '_ \/ _` | \ \ \ \
 \\/  ___)| |_)| | | | | || (_| |  ) ) ) )
  '  |____| .__|_| |_|_| |_\__, | / / / /
 =========|_|==============|___/=/_/_/_/

 :: Spring Boot ::                (v3.3.2)

2024-10-17T19:06:16.294-05:00  INFO 3636 --- [Laboratorio1] [           main] c.P.L.Laboratorio1ApplicationTests       : Starting Laboratorio1ApplicationTests using Java 17.0.10 with PID 3636 (started by ASUS in C:\Users\ASUS\git\repository\LaboratorioGrupal)
2024-10-17T19:06:16.297-05:00  INFO 3636 --- [Laboratorio1] [           main] c.P.L.Laboratorio1ApplicationTests       : The following 1 profile is active: "dev"
2024-10-17T19:06:17.764-05:00  INFO 3636 --- [Laboratorio1] [           main] .s.d.r.c.RepositoryConfigurationDelegate : Bootstrapping Spring Data JPA repositories in DEFAULT mode.
2024-10-17T19:06:17.900-05:00  INFO 3636 --- [Laboratorio1] [           main] .s.d.r.c.RepositoryConfigurationDelegate : Finished Spring Data repository scanning in 125 ms. Found 4 JPA repository interfaces.
2024-10-17T19:06:19.432-05:00  INFO 3636 --- [Laboratorio1] [           main] o.hibernate.jpa.internal.util.LogHelper  : HHH000204: Processing PersistenceUnitInfo [name: default]
2024-10-17T19:06:19.583-05:00  INFO 3636 --- [Laboratorio1] [           main] org.hibernate.Version                    : HHH000412: Hibernate ORM core version 6.5.2.Final
2024-10-17T19:06:19.638-05:00  INFO 3636 --- [Laboratorio1] [           main] o.h.c.internal.RegionFactoryInitiator    : HHH000026: Second-level cache disabled
2024-10-17T19:06:20.341-05:00  INFO 3636 --- [Laboratorio1] [           main] o.s.o.j.p.SpringPersistenceUnitInfo      : No LoadTimeWeaver setup: ignoring JPA class transformer
2024-10-17T19:06:20.410-05:00  INFO 3636 --- [Laboratorio1] [           main] com.zaxxer.hikari.HikariDataSource       : HikariPool-1 - Starting...
2024-10-17T19:06:20.796-05:00  INFO 3636 --- [Laboratorio1] [           main] com.zaxxer.hikari.pool.HikariPool        : HikariPool-1 - Added connection com.mysql.cj.jdbc.ConnectionImpl@160546b1
2024-10-17T19:06:20.801-05:00  INFO 3636 --- [Laboratorio1] [           main] com.zaxxer.hikari.HikariDataSource       : HikariPool-1 - Start completed.
2024-10-17T19:06:22.293-05:00  INFO 3636 --- [Laboratorio1] [           main] o.h.e.t.j.p.i.JtaPlatformInitiator       : HHH000489: No JTA platform available (set 'hibernate.transaction.jta.platform' to enable JTA platform integration)
2024-10-17T19:06:22.298-05:00  INFO 3636 --- [Laboratorio1] [           main] j.LocalContainerEntityManagerFactoryBean : Initialized JPA EntityManagerFactory for persistence unit 'default'
2024-10-17T19:06:23.563-05:00  INFO 3636 --- [Laboratorio1] [           main] o.s.d.j.r.query.QueryEnhancerFactory     : Hibernate is in classpath; If applicable, HQL parser will be used.
2024-10-17T19:06:25.575-05:00  INFO 3636 --- [Laboratorio1] [           main] r$InitializeUserDetailsManagerConfigurer : Global AuthenticationManager configured with UserDetailsService bean with name UsuarioService
2024-10-17T19:06:30.711-05:00  WARN 3636 --- [Laboratorio1] [           main] ion$DefaultTemplateResolverConfiguration : Cannot find template location: classpath:/templates/ (please add some templates, check your Thymeleaf configuration, or set spring.thymeleaf.check-template-location=false)
2024-10-17T19:06:31.201-05:00  INFO 3636 --- [Laboratorio1] [           main] c.P.L.Laboratorio1ApplicationTests       : Started Laboratorio1ApplicationTests in 15.373 seconds (process running for 17.077)
]]></system-out>
  </testcase>
</testsuite>